0 info it worked if it ends with ok
1 verbose cli [ '/usr/local/bin/node', '/usr/local/bin/npm', 'publish' ]
2 info using npm@3.10.10
3 info using node@v6.11.3
4 verbose publish [ '.' ]
5 silly cache add args [ '.', null ]
6 verbose cache add spec .
7 silly cache add parsed spec Result {
7 silly cache add   raw: '.',
7 silly cache add   scope: null,
7 silly cache add   escapedName: null,
7 silly cache add   name: null,
7 silly cache add   rawSpec: '.',
7 silly cache add   spec: '/Users/developer/Projects/cordova-plugin-keychain-touch-id',
7 silly cache add   type: 'directory' }
8 verbose addLocalDirectory /Users/developer/.npm/cordova-plugin-keychain-touch-id-ios/3.2.1/package.tgz not in flight; packing
9 verbose correctMkdir /Users/developer/.npm correctMkdir not in flight; initializing
10 info lifecycle cordova-plugin-keychain-touch-id-ios@3.2.1~prepublish: cordova-plugin-keychain-touch-id-ios@3.2.1
11 silly lifecycle cordova-plugin-keychain-touch-id-ios@3.2.1~prepublish: no script for prepublish, continuing
12 verbose tar pack [ '/Users/developer/.npm/cordova-plugin-keychain-touch-id-ios/3.2.1/package.tgz',
12 verbose tar pack   '/Users/developer/Projects/cordova-plugin-keychain-touch-id' ]
13 verbose tarball /Users/developer/.npm/cordova-plugin-keychain-touch-id-ios/3.2.1/package.tgz
14 verbose folder /Users/developer/Projects/cordova-plugin-keychain-touch-id
15 verbose addLocalTarball adding from inside cache /Users/developer/.npm/cordova-plugin-keychain-touch-id-ios/3.2.1/package.tgz
16 verbose correctMkdir /Users/developer/.npm correctMkdir not in flight; initializing
17 silly cache afterAdd cordova-plugin-keychain-touch-id-ios@3.2.1
18 verbose afterAdd /Users/developer/.npm/cordova-plugin-keychain-touch-id-ios/3.2.1/package/package.json not in flight; writing
19 verbose correctMkdir /Users/developer/.npm correctMkdir not in flight; initializing
20 verbose afterAdd /Users/developer/.npm/cordova-plugin-keychain-touch-id-ios/3.2.1/package/package.json written
21 silly publish { name: 'cordova-plugin-keychain-touch-id-ios',
21 silly publish   version: '3.2.1',
21 silly publish   description: 'Scan the fingerprint of your user with the TouchID sensor (iPhone 5S, iPhone 6(S), ..) and control a key in the Keychain',
21 silly publish   cordova:
21 silly publish    { id: 'cordova-plugin-keychain-touch-id-ios',
21 silly publish      platforms: [ 'ios' ] },
21 silly publish   repository:
21 silly publish    { type: 'git',
21 silly publish      url: 'git+https://github.com/mattsteve/cordova-plugin-keychain-touch-id.git' },
21 silly publish   keywords:
21 silly publish    [ 'TouchID',
21 silly publish      'Touch ID',
21 silly publish      'Fingerprint',
21 silly publish      'Biometric',
21 silly publish      'Scanner',
21 silly publish      'KeyChain',
21 silly publish      'ecosystem:cordova',
21 silly publish      'cordova-ios' ],
21 silly publish   engines: [ { name: 'cordova', version: '>=3.0.0' } ],
21 silly publish   author: { name: 'S.J.Hoeksma' },
21 silly publish   license: 'Apache-2.0',
21 silly publish   bugs: { url: 'https://github.com/mattsteve/cordova-plugin-keychain-touch-id/issues' },
21 silly publish   homepage: 'https://github.com/mattsteve/cordova-plugin-keychain-touch-id#readme',
21 silly publish   main: 'index.js',
21 silly publish   scripts: { test: 'echo "Error: no test specified" && exit 1' },
21 silly publish   readme: '\n\n# cordova-plugin-keychain-touch-id \n\nA cordova plugin adding the iOS TouchID to your app and allowing you to store a password securely in the device keychain.\n\nThis fork removes the Android code. It is specifically for users who already have a separate Android Fingerprint plugin installed, and using the original version of this plugin would create clashes.\n\n## Installation\n\n### Automatically (CLI / Plugman)\nCompatible with [Cordova Plugman](https://github.com/apache/cordova-plugman), compatible with [PhoneGap 3.0 CLI](http://docs.phonegap.com/en/3.0.0/guide_cli_index.md.html#The%20Command-line%20Interface_add_features), here\'s how it works with the CLI (backup your project first!):\n\nFrom npm:\n```\n$ cordova plugin add cordova-plugin-keychain-touch-id-ios\n$ cordova prepare\n```\n\nThe latest, from the master repo:\n```\n$ cordova plugin add https://github.com/mattsteve/cordova-plugin-keychain-touch-id\n$ cordova prepare\n```\n\ntouchid.js is brought in automatically. There is no need to change or add anything in your html.\n\n### Manually\n\n1\\. Add the following xml to your `config.xml` in the root directory of your `www` folder:\n```xml\n<feature name="TouchID">\n  <param name="ios-package" value="TouchID" />\n</feature>\n```\n\nYou\'ll need to add the `LocalAuthentication.framework` and `Security.framework` to your project.\nClick your project, Build Phases, Link Binary With Libraries, search for and add the frameworks.\n\n2\\. Grab a copy of TouchID.js, add it to your project and reference it in `index.html`:\n```html\n<script type="text/javascript" src="js/touchid.js"></script>\n```\n\n3\\. Download the source files and copy them to your project.\n\niOS: Copy the four `.h` and two `.m` files to `platforms/ios/<ProjectName>/Plugins`\n\n### Base on the original touch ID created by different people\n* https://github.com/EddyVerbruggen/cordova-plugin-touch-id\n* https://github.com/kunder-lab/kunder-touchid-keychain\n* https://github.com/PeerioTechnologies/peerio-keychain-touchid\n* https://github.com/nheezemans/touchid/blob/master/src/ios/TouchID.m\n\nCordova plugin for interacting with iOS touchId and keychain\n\n# Usage\n\nMake sure you check if the plugin is installed \n\n```\nif (window.plugins.touchid) {\n\n}\n```\n\nCall the function you like\n\n**isAvailable(successCallback, errorCallback(msg))** will Check if touchid is available on the used device \t\n\t\n**save(key,password, successCallback, errorCallback(msg))** \nwill save a password under the key in the device keychain, which can be retrieved using a fingerprint\n\n**verify(key,message,successCallback(password), errorCallback(errorCode))**\nwill open the fingerprint dialog, for the given key, showing an additional message.\nsuccessCallback will return the password stored in key chain.\nerrorCallback will return the error code, where -1 indicated not available.\n\n**has(key,successCallback, errorCallback)**\nwill check if there is a password stored within the keychain for the given key\n\n**delete(key,successCallback, errorCallback)**\nwill delete the password stored under given key from the keychain\n\n# Examples\n\n```js\nif (window.plugins) {\n    window.plugins.touchid.isAvailable(function() {\n        window.plugins.touchid.has("MyKey", function() {\n            alert("Touch ID avaialble and Password key available");\n        }, function() {\n            alert("Touch ID available but no Password Key available");\n        });\n    }, function(msg) {\n        alert("no Touch ID available");\n    });\n}\n\nif (window.plugins) {\n    window.plugins.touchid.verify("MyKey", "My Message", function(password) {\n        alert("Tocuh " + password);\n    });\n}\n\nif (window.plugins) {\n    window.plugins.touchid.save("MyKey", "My Password", function() {\n        alert("Password saved");\n    });\n}\n\nif (window.plugins) {\n    window.plugins.touchid.delete("MyKey", function() {\n        alert("Password key deleted");\n    });\n}\n```\n\n',
21 silly publish   readmeFilename: 'readme.md',
21 silly publish   gitHead: 'd4b3b6e5640ce849432c2b3e7ff5786835fbfa94',
21 silly publish   _id: 'cordova-plugin-keychain-touch-id-ios@3.2.1',
21 silly publish   _shasum: 'eccd5957744fdb87310f533d928c3ab001d1055c',
21 silly publish   _from: '.' }
22 verbose getPublishConfig undefined
23 silly mapToRegistry name cordova-plugin-keychain-touch-id-ios
24 silly mapToRegistry using default registry
25 silly mapToRegistry registry https://registry.npmjs.org/
26 silly mapToRegistry data Result {
26 silly mapToRegistry   raw: 'cordova-plugin-keychain-touch-id-ios',
26 silly mapToRegistry   scope: null,
26 silly mapToRegistry   escapedName: 'cordova-plugin-keychain-touch-id-ios',
26 silly mapToRegistry   name: 'cordova-plugin-keychain-touch-id-ios',
26 silly mapToRegistry   rawSpec: '',
26 silly mapToRegistry   spec: 'latest',
26 silly mapToRegistry   type: 'tag' }
27 silly mapToRegistry uri https://registry.npmjs.org/cordova-plugin-keychain-touch-id-ios
28 verbose publish registryBase https://registry.npmjs.org/
29 silly publish uploading /Users/developer/.npm/cordova-plugin-keychain-touch-id-ios/3.2.1/package.tgz
30 verbose request uri https://registry.npmjs.org/cordova-plugin-keychain-touch-id-ios
31 verbose request sending authorization for write operation
32 info attempt registry request try #1 at 11:19:20 AM
33 verbose request using bearer token for auth
34 verbose request id 4be31cb064a9f543
35 http request PUT https://registry.npmjs.org/cordova-plugin-keychain-touch-id-ios
36 http 403 https://registry.npmjs.org/cordova-plugin-keychain-touch-id-ios
37 verbose headers { 'content-type': 'application/json',
37 verbose headers   'cache-control': 'max-age=300',
37 verbose headers   'content-length': '91',
37 verbose headers   'accept-ranges': 'bytes',
37 verbose headers   date: 'Fri, 29 Dec 2017 16:19:20 GMT',
37 verbose headers   via: '1.1 varnish',
37 verbose headers   connection: 'keep-alive',
37 verbose headers   'x-served-by': 'cache-mdw17350-MDW',
37 verbose headers   'x-cache': 'MISS',
37 verbose headers   'x-cache-hits': '0',
37 verbose headers   'x-timer': 'S1514564361.560268,VS0,VE365',
37 verbose headers   vary: 'Accept-Encoding, Accept' }
38 verbose request invalidating /Users/developer/.npm/registry.npmjs.org/cordova-plugin-keychain-touch-id-ios on PUT
39 error publish Failed PUT 403
40 verbose stack Error: You cannot publish over the previously published version 3.2.1. : cordova-plugin-keychain-touch-id-ios
40 verbose stack     at makeError (/usr/local/lib/node_modules/npm/node_modules/npm-registry-client/lib/request.js:302:12)
40 verbose stack     at CachingRegistryClient.<anonymous> (/usr/local/lib/node_modules/npm/node_modules/npm-registry-client/lib/request.js:290:14)
40 verbose stack     at Request._callback (/usr/local/lib/node_modules/npm/node_modules/npm-registry-client/lib/request.js:210:14)
40 verbose stack     at Request.self.callback (/usr/local/lib/node_modules/npm/node_modules/request/request.js:187:22)
40 verbose stack     at emitTwo (events.js:106:13)
40 verbose stack     at Request.emit (events.js:191:7)
40 verbose stack     at Request.<anonymous> (/usr/local/lib/node_modules/npm/node_modules/request/request.js:1048:10)
40 verbose stack     at emitOne (events.js:96:13)
40 verbose stack     at Request.emit (events.js:188:7)
40 verbose stack     at IncomingMessage.<anonymous> (/usr/local/lib/node_modules/npm/node_modules/request/request.js:969:12)
41 verbose statusCode 403
42 verbose pkgid cordova-plugin-keychain-touch-id-ios
43 verbose cwd /Users/developer/Projects/cordova-plugin-keychain-touch-id
44 error Darwin 17.2.0
45 error argv "/usr/local/bin/node" "/usr/local/bin/npm" "publish"
46 error node v6.11.3
47 error npm  v3.10.10
48 error code E403
49 error You cannot publish over the previously published version 3.2.1. : cordova-plugin-keychain-touch-id-ios
50 error If you need help, you may report this error at:
50 error     <https://github.com/npm/npm/issues>
51 verbose exit [ 1, true ]
